-------------------------------------------------------------------------------
Test set: service.ClienteServiceTest
-------------------------------------------------------------------------------
Tests run: 8, Failures: 1, Errors: 0, Skipped: 0, Time elapsed: 0.752 s <<< FAILURE! - in service.ClienteServiceTest
eliminarClientePorId  Time elapsed: 0.038 s  <<< FAILURE!
org.opentest4j.AssertionFailedError: expected: <2> but was: <1>
	at service.ClienteServiceTest.eliminarClientePorId(ClienteServiceTest.java:238)

