-------------------------------------------------------------------------------
Test set: service.EstadoServiceTest
-------------------------------------------------------------------------------
Tests run: 6, Failures: 1, Errors: 0, Skipped: 0, Time elapsed: 0.897 s <<< FAILURE! - in service.EstadoServiceTest
eliminarEstadoPorId  Time elapsed: 0.085 s  <<< FAILURE!
org.opentest4j.AssertionFailedError: expected: <2> but was: <1>
	at service.EstadoServiceTest.eliminarEstadoPorId(EstadoServiceTest.java:229)

