-------------------------------------------------------------------------------
Test set: service.VentaServiceTest
-------------------------------------------------------------------------------
Tests run: 7, Failures: 1, Errors: 0, Skipped: 0, Time elapsed: 1.094 s <<< FAILURE! - in service.VentaServiceTest
eliminarVentaPorId  Time elapsed: 0.121 s  <<< FAILURE!
org.opentest4j.AssertionFailedError: expected: <2> but was: <3>
	at service.VentaServiceTest.eliminarVentaPorId(VentaServiceTest.java:241)

