-------------------------------------------------------------------------------
Test set: service.RepuestoServiceTest
-------------------------------------------------------------------------------
Tests run: 7, Failures: 1, Errors: 0, Skipped: 0, Time elapsed: 1.101 s <<< FAILURE! - in service.RepuestoServiceTest
eliminarRepuestoPorId  Time elapsed: 0.011 s  <<< FAILURE!
org.opentest4j.AssertionFailedError: expected: <2> but was: <1>
	at service.RepuestoServiceTest.eliminarRepuestoPorId(RepuestoServiceTest.java:238)

