<?xml version="1.0" encoding="UTF-8"?>
<testsuite xmlns:xsi="http://www.w3.org/2001/XMLSchema-instance" xsi:noNamespaceSchemaLocation="https://maven.apache.org/surefire/maven-surefire-plugin/xsd/surefire-test-report.xsd" name="service.ModeloServiceTest" time="0.048" tests="5" errors="0" skipped="0" failures="0">
  <properties>
[...]
</properties>
  <testcase name="editarModeloPorId" classname="service.ModeloServiceTest" time="0.025"/>
  <testcase name="eliminarTablas" classname="service.ModeloServiceTest" time="0.004"/>
  <testcase name="obtenerModeloPorId" classname="service.ModeloServiceTest" time="0.007"/>
  <testcase name="agregarModelo" classname="service.ModeloServiceTest" time="0.005"/>
  <testcase name="listarModelos" classname="service.ModeloServiceTest" time="0.007"/>
</testsuite>