<?xml version="1.0" encoding="UTF-8"?>
<testsuite xmlns:xsi="http://www.w3.org/2001/XMLSchema-instance" xsi:noNamespaceSchemaLocation="https://maven.apache.org/surefire/maven-surefire-plugin/xsd/surefire-test-report.xsd" name="dao.impl.PrecioTest" time="0.31" tests="7" errors="0" skipped="0" failures="0">
  <properties>
[...]
</properties>
  <testcase name="pruebaModificarPrecios" classname="dao.impl.PrecioTest" time="0.016"/>
  <testcase name="pruebaObtenerPrecio" classname="dao.impl.PrecioTest" time="0.009"/>
  <testcase name="eliminarTablas" classname="dao.impl.PrecioTest" time="0.04"/>
  <testcase name="pruebaCrearPrecio" classname="dao.impl.PrecioTest" time="0"/>
  <testcase name="pruebaEliminarPrecios" classname="dao.impl.PrecioTest" time="0.002"/>
  <testcase name="pruebaObtenerPrecios" classname="dao.impl.PrecioTest" time="0.013"/>
  <testcase name="pruebaObtenerPrecioPorIdRepuesto" classname="dao.impl.PrecioTest" time="0.01"/>
</testsuite>